<?xml version="1.0" encoding="UTF-8"?>
<!-- Generated by org.testng.reporters.JUnitReportReporter -->
<testsuite hostname="LAPTOP-T1B1M2Q4" failures="0" tests="1" name="TestNG_TestSuite.EditProfileEducationSection" time="5.295" errors="0" timestamp="2021-06-06T18:00:22 EET" skipped="0">
  <testcase classname="TestNG_TestSuite.EditProfileEducationSection" name="main" time="5.295"/>
  <system-out/>
</testsuite> <!-- TestNG_TestSuite.EditProfileEducationSection -->
